<?xml version="1.0" encoding="UTF-8" ?>
<testsuite tests="25" failures="0" name="com.miniproject.two.BasicBookTest" time="0.02" errors="0" skipped="0">
  <properties>
    <property name="java.runtime.name" value="OpenJDK Runtime Environment"/>
    <property name="java.vm.version" value="17.0.11+9-Ubuntu-122.04.1"/>
    <property name="sun.boot.library.path" value="/usr/lib/jvm/java-17-openjdk-amd64/lib"/>
    <property name="maven.multiModuleProjectDirectory" value="/mnt/d/Projects/stratpoint-java-intern-training-modules/mini-project-two"/>
    <property name="java.vm.vendor" value="Ubuntu"/>
    <property name="java.vendor.url" value="https://ubuntu.com/"/>
    <property name="guice.disable.misplaced.annotation.check" value="true"/>
    <property name="path.separator" value=":"/>
    <property name="java.vm.name" value="OpenJDK 64-Bit Server VM"/>
    <property name="sun.java.launcher" value="SUN_STANDARD"/>
    <property name="java.vm.specification.name" value="Java Virtual Machine Specification"/>
    <property name="user.dir" value="/mnt/d/Projects/stratpoint-java-intern-training-modules/mini-project-two"/>
    <property name="java.vm.compressedOopsMode" value="32-bit"/>
    <property name="java.runtime.version" value="17.0.11+9-Ubuntu-122.04.1"/>
    <property name="os.arch" value="amd64"/>
    <property name="java.io.tmpdir" value="/tmp"/>
    <property name="line.separator" value="
"/>
    <property name="java.vm.specification.vendor" value="Oracle Corporation"/>
    <property name="os.name" value="Linux"/>
    <property name="classworlds.conf" value="/usr/share/maven/bin/m2.conf"/>
    <property name="sun.jnu.encoding" value="UTF-8"/>
    <property name="java.library.path" value="/usr/java/packages/lib:/usr/lib/x86_64-linux-gnu/jni:/lib/x86_64-linux-gnu:/usr/lib/x86_64-linux-gnu:/usr/lib/jni:/lib:/usr/lib"/>
    <property name="maven.conf" value="/usr/share/maven/conf"/>
    <property name="jdk.debug" value="release"/>
    <property name="java.class.version" value="61.0"/>
    <property name="java.specification.name" value="Java Platform API Specification"/>
    <property name="sun.management.compiler" value="HotSpot 64-Bit Tiered Compilers"/>
    <property name="os.version" value="5.15.153.1-microsoft-standard-WSL2"/>
    <property name="library.jansi.path" value="/usr/share/maven/lib/jansi-native"/>
    <property name="user.home" value="/home/jireh"/>
    <property name="user.timezone" value="Asia/Manila"/>
    <property name="file.encoding" value="UTF-8"/>
    <property name="java.specification.version" value="17"/>
    <property name="user.name" value="jireh"/>
    <property name="java.class.path" value="/usr/share/maven/boot/plexus-classworlds-2.x.jar"/>
    <property name="java.vm.specification.version" value="17"/>
    <property name="sun.arch.data.model" value="64"/>
    <property name="sun.java.command" value="org.codehaus.plexus.classworlds.launcher.Launcher clean install"/>
    <property name="java.home" value="/usr/lib/jvm/java-17-openjdk-amd64"/>
    <property name="user.language" value="en"/>
    <property name="java.specification.vendor" value="Oracle Corporation"/>
    <property name="java.vm.info" value="mixed mode, sharing"/>
    <property name="java.version" value="17.0.11"/>
    <property name="native.encoding" value="UTF-8"/>
    <property name="java.vendor" value="Ubuntu"/>
    <property name="sun.stderr.encoding" value="UTF-8"/>
    <property name="maven.home" value="/usr/share/maven"/>
    <property name="file.separator" value="/"/>
    <property name="java.version.date" value="2024-04-16"/>
    <property name="java.vendor.url.bug" value="https://bugs.launchpad.net/ubuntu/+source/openjdk-17"/>
    <property name="sun.io.unicode.encoding" value="UnicodeLittle"/>
    <property name="sun.cpu.endian" value="little"/>
    <property name="sun.stdout.encoding" value="UTF-8"/>
  </properties>
  <testcase classname="com.miniproject.two.BasicBookTest" name="testGetNationality" time="0.017"/>
  <testcase classname="com.miniproject.two.BasicBookTest" name="testGetGenre" time="0"/>
  <testcase classname="com.miniproject.two.BasicBookTest" name="testGetTitle" time="0.001"/>
  <testcase classname="com.miniproject.two.BasicBookTest" name="testSetPublishedYear" time="0"/>
  <testcase classname="com.miniproject.two.BasicBookTest" name="testSetPublisherName" time="0"/>
  <testcase classname="com.miniproject.two.BasicBookTest" name="testGetBorrowedByUserName" time="0"/>
  <testcase classname="com.miniproject.two.BasicBookTest" name="testSetSubgenre" time="0"/>
  <testcase classname="com.miniproject.two.BasicBookTest" name="testGetSubgenre" time="0"/>
  <testcase classname="com.miniproject.two.BasicBookTest" name="testSetPublicationFormat" time="0"/>
  <testcase classname="com.miniproject.two.BasicBookTest" name="testGetISBN" time="0"/>
  <testcase classname="com.miniproject.two.BasicBookTest" name="testIsAvailable" time="0"/>
  <testcase classname="com.miniproject.two.BasicBookTest" name="testGetDeweyDecimal" time="0"/>
  <testcase classname="com.miniproject.two.BasicBookTest" name="testGetPublicationFormat" time="0"/>
  <testcase classname="com.miniproject.two.BasicBookTest" name="testGetPublishedYear" time="0"/>
  <testcase classname="com.miniproject.two.BasicBookTest" name="testGetPublisherName" time="0"/>
  <testcase classname="com.miniproject.two.BasicBookTest" name="testSetNationality" time="0.001"/>
  <testcase classname="com.miniproject.two.BasicBookTest" name="testSetAuthor" time="0"/>
  <testcase classname="com.miniproject.two.BasicBookTest" name="testSetDeweyDecimal" time="0"/>
  <testcase classname="com.miniproject.two.BasicBookTest" name="testGetAuthor" time="0"/>
  <testcase classname="com.miniproject.two.BasicBookTest" name="testGetBookId" time="0"/>
  <testcase classname="com.miniproject.two.BasicBookTest" name="testSetISBN" time="0"/>
  <testcase classname="com.miniproject.two.BasicBookTest" name="testSetBorrowedByUserName" time="0"/>
  <testcase classname="com.miniproject.two.BasicBookTest" name="testSetAvailable" time="0"/>
  <testcase classname="com.miniproject.two.BasicBookTest" name="testSetGenre" time="0.001"/>
  <testcase classname="com.miniproject.two.BasicBookTest" name="testSetTitle" time="0"/>
</testsuite>