<?xml version="1.0" encoding="UTF-8"?>
<testsuite xmlns:xsi="http://www.w3.org/2001/XMLSchema-instance" xsi:noNamespaceSchemaLocation="https://maven.apache.org/surefire/maven-surefire-plugin/xsd/surefire-test-report.xsd" name="com.miniproject.two.BasicMainTest" time="0.023" tests="10" errors="0" skipped="0" failures="0">
  <properties>
    <property name="java.specification.version" value="17"/>
    <property name="sun.jnu.encoding" value="UTF-8"/>
    <property name="java.class.path" value="/mnt/d/Projects/stratpoint-java-intern-training-modules/mini-project-two/target/test-classes:/mnt/d/Projects/stratpoint-java-intern-training-modules/mini-project-two/target/classes:/home/jireh/.m2/repository/junit/junit/4.11/junit-4.11.jar:/home/jireh/.m2/repository/org/hamcrest/hamcrest-core/1.3/hamcrest-core-1.3.jar:/home/jireh/.m2/repository/org/mockito/mockito-core/4.5.1/mockito-core-4.5.1.jar:/home/jireh/.m2/repository/net/bytebuddy/byte-buddy/1.12.9/byte-buddy-1.12.9.jar:/home/jireh/.m2/repository/net/bytebuddy/byte-buddy-agent/1.12.9/byte-buddy-agent-1.12.9.jar:/home/jireh/.m2/repository/org/objenesis/objenesis/3.2/objenesis-3.2.jar:/home/jireh/.m2/repository/commons-validator/commons-validator/1.8.0/commons-validator-1.8.0.jar:/home/jireh/.m2/repository/commons-beanutils/commons-beanutils/1.9.4/commons-beanutils-1.9.4.jar:/home/jireh/.m2/repository/commons-digester/commons-digester/2.1/commons-digester-2.1.jar:/home/jireh/.m2/repository/commons-logging/commons-logging/1.3.0/commons-logging-1.3.0.jar:/home/jireh/.m2/repository/commons-collections/commons-collections/3.2.2/commons-collections-3.2.2.jar:"/>
    <property name="java.vm.vendor" value="Ubuntu"/>
    <property name="sun.arch.data.model" value="64"/>
    <property name="java.vendor.url" value="https://ubuntu.com/"/>
    <property name="os.name" value="Linux"/>
    <property name="java.vm.specification.version" value="17"/>
    <property name="sun.java.launcher" value="SUN_STANDARD"/>
    <property name="sun.boot.library.path" value="/usr/lib/jvm/java-17-openjdk-amd64/lib"/>
    <property name="sun.java.command" value="/mnt/d/Projects/stratpoint-java-intern-training-modules/mini-project-two/target/surefire/surefirebooter14231497875206561637.jar /mnt/d/Projects/stratpoint-java-intern-training-modules/mini-project-two/target/surefire 2024-06-27T09-00-23_056-jvmRun1 surefire4488287364010411706tmp surefire_011239327051734218518tmp"/>
    <property name="jdk.debug" value="release"/>
    <property name="surefire.test.class.path" value="/mnt/d/Projects/stratpoint-java-intern-training-modules/mini-project-two/target/test-classes:/mnt/d/Projects/stratpoint-java-intern-training-modules/mini-project-two/target/classes:/home/jireh/.m2/repository/junit/junit/4.11/junit-4.11.jar:/home/jireh/.m2/repository/org/hamcrest/hamcrest-core/1.3/hamcrest-core-1.3.jar:/home/jireh/.m2/repository/org/mockito/mockito-core/4.5.1/mockito-core-4.5.1.jar:/home/jireh/.m2/repository/net/bytebuddy/byte-buddy/1.12.9/byte-buddy-1.12.9.jar:/home/jireh/.m2/repository/net/bytebuddy/byte-buddy-agent/1.12.9/byte-buddy-agent-1.12.9.jar:/home/jireh/.m2/repository/org/objenesis/objenesis/3.2/objenesis-3.2.jar:/home/jireh/.m2/repository/commons-validator/commons-validator/1.8.0/commons-validator-1.8.0.jar:/home/jireh/.m2/repository/commons-beanutils/commons-beanutils/1.9.4/commons-beanutils-1.9.4.jar:/home/jireh/.m2/repository/commons-digester/commons-digester/2.1/commons-digester-2.1.jar:/home/jireh/.m2/repository/commons-logging/commons-logging/1.3.0/commons-logging-1.3.0.jar:/home/jireh/.m2/repository/commons-collections/commons-collections/3.2.2/commons-collections-3.2.2.jar:"/>
    <property name="sun.cpu.endian" value="little"/>
    <property name="user.home" value="/home/jireh"/>
    <property name="user.language" value="en"/>
    <property name="java.specification.vendor" value="Oracle Corporation"/>
    <property name="java.version.date" value="2024-04-16"/>
    <property name="java.home" value="/usr/lib/jvm/java-17-openjdk-amd64"/>
    <property name="file.separator" value="/"/>
    <property name="basedir" value="/mnt/d/Projects/stratpoint-java-intern-training-modules/mini-project-two"/>
    <property name="java.vm.compressedOopsMode" value="32-bit"/>
    <property name="line.separator" value="&#10;"/>
    <property name="java.vm.specification.vendor" value="Oracle Corporation"/>
    <property name="java.specification.name" value="Java Platform API Specification"/>
    <property name="surefire.real.class.path" value="/mnt/d/Projects/stratpoint-java-intern-training-modules/mini-project-two/target/surefire/surefirebooter14231497875206561637.jar"/>
    <property name="sun.management.compiler" value="HotSpot 64-Bit Tiered Compilers"/>
    <property name="java.runtime.version" value="17.0.11+9-Ubuntu-122.04.1"/>
    <property name="user.name" value="jireh"/>
    <property name="path.separator" value=":"/>
    <property name="os.version" value="5.15.153.1-microsoft-standard-WSL2"/>
    <property name="java.runtime.name" value="OpenJDK Runtime Environment"/>
    <property name="file.encoding" value="UTF-8"/>
    <property name="java.vm.name" value="OpenJDK 64-Bit Server VM"/>
    <property name="localRepository" value="/home/jireh/.m2/repository"/>
    <property name="java.vendor.url.bug" value="https://bugs.launchpad.net/ubuntu/+source/openjdk-17"/>
    <property name="java.io.tmpdir" value="/tmp"/>
    <property name="java.version" value="17.0.11"/>
    <property name="user.dir" value="/mnt/d/Projects/stratpoint-java-intern-training-modules/mini-project-two"/>
    <property name="os.arch" value="amd64"/>
    <property name="java.vm.specification.name" value="Java Virtual Machine Specification"/>
    <property name="native.encoding" value="UTF-8"/>
    <property name="java.library.path" value="/usr/java/packages/lib:/usr/lib/x86_64-linux-gnu/jni:/lib/x86_64-linux-gnu:/usr/lib/x86_64-linux-gnu:/usr/lib/jni:/lib:/usr/lib"/>
    <property name="java.vm.info" value="mixed mode, sharing"/>
    <property name="java.vendor" value="Ubuntu"/>
    <property name="java.vm.version" value="17.0.11+9-Ubuntu-122.04.1"/>
    <property name="sun.io.unicode.encoding" value="UnicodeLittle"/>
    <property name="java.class.version" value="61.0"/>
  </properties>
  <testcase name="testShowBookById" classname="com.miniproject.two.BasicMainTest" time="0.009"/>
  <testcase name="testSearchBooksInterface" classname="com.miniproject.two.BasicMainTest" time="0.004"/>
  <testcase name="testReturnBookInterface" classname="com.miniproject.two.BasicMainTest" time="0.001"/>
  <testcase name="testAddBookInterface" classname="com.miniproject.two.BasicMainTest" time="0.001"/>
  <testcase name="testShowBooks" classname="com.miniproject.two.BasicMainTest" time="0.001"/>
  <testcase name="testUpdateBook" classname="com.miniproject.two.BasicMainTest" time="0.001"/>
  <testcase name="testBorrowBookInterface" classname="com.miniproject.two.BasicMainTest" time="0.001"/>
  <testcase name="testPrintWelcomeMessage" classname="com.miniproject.two.BasicMainTest" time="0"/>
  <testcase name="testPrintMainMenu" classname="com.miniproject.two.BasicMainTest" time="0"/>
  <testcase name="testRemoveBookInterface" classname="com.miniproject.two.BasicMainTest" time="0.005"/>
</testsuite>