<?xml version="1.0" encoding="UTF-8"?>
<testsuite xmlns:xsi="http://www.w3.org/2001/XMLSchema-instance" xsi:noNamespaceSchemaLocation="https://maven.apache.org/surefire/maven-surefire-plugin/xsd/surefire-test-report.xsd" name="com.miniproject.two.MainTest" time="0.118" tests="12" errors="1" skipped="0" failures="1">
  <properties>
    <property name="java.specification.version" value="17"/>
    <property name="sun.jnu.encoding" value="UTF-8"/>
    <property name="java.class.path" value="/home/spencercebrian/projects/stratpoint-java-intern-training-modules/mini-project-two/target/test-classes:/home/spencercebrian/projects/stratpoint-java-intern-training-modules/mini-project-two/target/classes:/home/spencercebrian/.m2/repository/junit/junit/4.11/junit-4.11.jar:/home/spencercebrian/.m2/repository/org/hamcrest/hamcrest-core/1.3/hamcrest-core-1.3.jar:/home/spencercebrian/.m2/repository/org/mockito/mockito-core/4.5.1/mockito-core-4.5.1.jar:/home/spencercebrian/.m2/repository/net/bytebuddy/byte-buddy/1.12.9/byte-buddy-1.12.9.jar:/home/spencercebrian/.m2/repository/net/bytebuddy/byte-buddy-agent/1.12.9/byte-buddy-agent-1.12.9.jar:/home/spencercebrian/.m2/repository/org/objenesis/objenesis/3.2/objenesis-3.2.jar:/home/spencercebrian/.m2/repository/commons-validator/commons-validator/1.8.0/commons-validator-1.8.0.jar:/home/spencercebrian/.m2/repository/commons-beanutils/commons-beanutils/1.9.4/commons-beanutils-1.9.4.jar:/home/spencercebrian/.m2/repository/commons-digester/commons-digester/2.1/commons-digester-2.1.jar:/home/spencercebrian/.m2/repository/commons-logging/commons-logging/1.3.0/commons-logging-1.3.0.jar:/home/spencercebrian/.m2/repository/commons-collections/commons-collections/3.2.2/commons-collections-3.2.2.jar:"/>
    <property name="java.vm.vendor" value="Ubuntu"/>
    <property name="sun.arch.data.model" value="64"/>
    <property name="java.vendor.url" value="https://ubuntu.com/"/>
    <property name="os.name" value="Linux"/>
    <property name="java.vm.specification.version" value="17"/>
    <property name="sun.java.launcher" value="SUN_STANDARD"/>
    <property name="sun.boot.library.path" value="/usr/lib/jvm/java-17-openjdk-amd64/lib"/>
    <property name="sun.java.command" value="/home/spencercebrian/projects/stratpoint-java-intern-training-modules/mini-project-two/target/surefire/surefirebooter15449996800579988234.jar /home/spencercebrian/projects/stratpoint-java-intern-training-modules/mini-project-two/target/surefire 2024-06-26T15-48-22_622-jvmRun1 surefire124788892162489827tmp surefire_07635314223574569650tmp"/>
    <property name="jdk.debug" value="release"/>
    <property name="surefire.test.class.path" value="/home/spencercebrian/projects/stratpoint-java-intern-training-modules/mini-project-two/target/test-classes:/home/spencercebrian/projects/stratpoint-java-intern-training-modules/mini-project-two/target/classes:/home/spencercebrian/.m2/repository/junit/junit/4.11/junit-4.11.jar:/home/spencercebrian/.m2/repository/org/hamcrest/hamcrest-core/1.3/hamcrest-core-1.3.jar:/home/spencercebrian/.m2/repository/org/mockito/mockito-core/4.5.1/mockito-core-4.5.1.jar:/home/spencercebrian/.m2/repository/net/bytebuddy/byte-buddy/1.12.9/byte-buddy-1.12.9.jar:/home/spencercebrian/.m2/repository/net/bytebuddy/byte-buddy-agent/1.12.9/byte-buddy-agent-1.12.9.jar:/home/spencercebrian/.m2/repository/org/objenesis/objenesis/3.2/objenesis-3.2.jar:/home/spencercebrian/.m2/repository/commons-validator/commons-validator/1.8.0/commons-validator-1.8.0.jar:/home/spencercebrian/.m2/repository/commons-beanutils/commons-beanutils/1.9.4/commons-beanutils-1.9.4.jar:/home/spencercebrian/.m2/repository/commons-digester/commons-digester/2.1/commons-digester-2.1.jar:/home/spencercebrian/.m2/repository/commons-logging/commons-logging/1.3.0/commons-logging-1.3.0.jar:/home/spencercebrian/.m2/repository/commons-collections/commons-collections/3.2.2/commons-collections-3.2.2.jar:"/>
    <property name="sun.cpu.endian" value="little"/>
    <property name="user.home" value="/home/spencercebrian"/>
    <property name="user.language" value="en"/>
    <property name="java.specification.vendor" value="Oracle Corporation"/>
    <property name="java.version.date" value="2024-04-16"/>
    <property name="java.home" value="/usr/lib/jvm/java-17-openjdk-amd64"/>
    <property name="file.separator" value="/"/>
    <property name="basedir" value="/home/spencercebrian/projects/stratpoint-java-intern-training-modules/mini-project-two"/>
    <property name="java.vm.compressedOopsMode" value="32-bit"/>
    <property name="line.separator" value="&#10;"/>
    <property name="java.vm.specification.vendor" value="Oracle Corporation"/>
    <property name="java.specification.name" value="Java Platform API Specification"/>
    <property name="surefire.real.class.path" value="/home/spencercebrian/projects/stratpoint-java-intern-training-modules/mini-project-two/target/surefire/surefirebooter15449996800579988234.jar"/>
    <property name="sun.management.compiler" value="HotSpot 64-Bit Tiered Compilers"/>
    <property name="java.runtime.version" value="17.0.11+9-Ubuntu-122.04.1"/>
    <property name="user.name" value="spencercebrian"/>
    <property name="path.separator" value=":"/>
    <property name="os.version" value="5.15.153.1-microsoft-standard-WSL2"/>
    <property name="java.runtime.name" value="OpenJDK Runtime Environment"/>
    <property name="file.encoding" value="UTF-8"/>
    <property name="java.vm.name" value="OpenJDK 64-Bit Server VM"/>
    <property name="localRepository" value="/home/spencercebrian/.m2/repository"/>
    <property name="java.vendor.url.bug" value="https://bugs.launchpad.net/ubuntu/+source/openjdk-17"/>
    <property name="java.io.tmpdir" value="/tmp"/>
    <property name="java.version" value="17.0.11"/>
    <property name="user.dir" value="/home/spencercebrian/projects/stratpoint-java-intern-training-modules/mini-project-two"/>
    <property name="os.arch" value="amd64"/>
    <property name="java.vm.specification.name" value="Java Virtual Machine Specification"/>
    <property name="native.encoding" value="UTF-8"/>
    <property name="java.library.path" value="/usr/java/packages/lib:/usr/lib/x86_64-linux-gnu/jni:/lib/x86_64-linux-gnu:/usr/lib/x86_64-linux-gnu:/usr/lib/jni:/lib:/usr/lib"/>
    <property name="java.vm.info" value="mixed mode, sharing"/>
    <property name="java.vendor" value="Ubuntu"/>
    <property name="java.vm.version" value="17.0.11+9-Ubuntu-122.04.1"/>
    <property name="sun.io.unicode.encoding" value="UnicodeLittle"/>
    <property name="java.class.version" value="61.0"/>
  </properties>
  <testcase name="testShowBookById" classname="com.miniproject.two.MainTest" time="0.029"/>
  <testcase name="testSearchBooksInterface" classname="com.miniproject.two.MainTest" time="0.006"/>
  <testcase name="testReturnBookInterface" classname="com.miniproject.two.MainTest" time="0.013"/>
  <testcase name="testAddBookInterface" classname="com.miniproject.two.MainTest" time="0.001"/>
  <testcase name="testShowBooks" classname="com.miniproject.two.MainTest" time="0.002"/>
  <testcase name="testUpdateBook" classname="com.miniproject.two.MainTest" time="0.001"/>
  <testcase name="testPrintMiniMenu_ExpandManageBook" classname="com.miniproject.two.MainTest" time="0.017">
    <error message="No line found" type="java.util.NoSuchElementException">java.util.NoSuchElementException: No line found
	at com.miniproject.two.MainTest.testPrintMiniMenu_ExpandManageBook(MainTest.java:207)
</error>
  </testcase>
  <testcase name="testBorrowBookInterface" classname="com.miniproject.two.MainTest" time="0.002"/>
  <testcase name="testPrintWelcomeMessage" classname="com.miniproject.two.MainTest" time="0.001"/>
  <testcase name="testPrintMiniMenu_InvalidOption" classname="com.miniproject.two.MainTest" time="0.004">
    <failure type="java.lang.AssertionError">java.lang.AssertionError
	at com.miniproject.two.MainTest.testPrintMiniMenu_InvalidOption(MainTest.java:222)
</failure>
  </testcase>
  <testcase name="testPrintMainMenu" classname="com.miniproject.two.MainTest" time="0"/>
  <testcase name="testRemoveBookInterface" classname="com.miniproject.two.MainTest" time="0.002"/>
</testsuite>